{"numFailedTestSuites":0,"numFailedTests":0,"numPassedTestSuites":1,"numPassedTests":3,"numPendingTestSuites":0,"numPendingTests":0,"numRuntimeErrorTestSuites":0,"numTodoTests":0,"numTotalTestSuites":1,"numTotalTests":3,"openHandles":[],"snapshot":{"added":0,"didUpdate":false,"failure":false,"filesAdded":0,"filesRemoved":0,"filesRemovedList":[],"filesUnmatched":0,"filesUpdated":0,"matched":0,"total":0,"unchecked":0,"uncheckedKeysByFile":[],"unmatched":0,"updated":0},"startTime":1789724847141,"success":true,"testResults":[{"assertionResults":[{"ancestorTitles":["DE-17 frontend scaffold"],"duration":74,"failing":false,"failureDetails":[],"failureMessages":[],"fullName":"DE-17 frontend scaffold DE-17-TC01 renders login page when unauthenticated","invocations":1,"location":null,"numPassingAsserts":1,"retryMessages":[],"retryReasons":[],"status":"passed","title":"DE-17-TC01 renders login page when unauthenticated","startAt":1789724848269},{"ancestorTitles":["DE-17 frontend scaffold"],"duration":20,"failing":false,"failureDetails":[],"failureMessages":[],"fullName":"DE-17 frontend scaffold DE-17-TC02 logs in and navigates to dashboard","invocations":1,"location":null,"numPassingAsserts":1,"retryMessages":[],"retryReasons":[],"status":"passed","title":"DE-17-TC02 logs in and navigates to dashboard","startAt":1789724848344},{"ancestorTitles":["DE-17 frontend scaffold"],"duration":7,"failing":false,"failureDetails":[],"failureMessages":[],"fullName":"DE-17 frontend scaffold DE-17-TC03 renders bootstrap navbar brand","invocations":1,"location":null,"numPassingAsserts":1,"retryMessages":[],"retryReasons":[],"status":"passed","title":"DE-17-TC03 renders bootstrap navbar brand","startAt":1789724848364}],"endTime":1789724848372,"message":"","name":"T:\\AIAD Demo\\Phase-0\\frontend\\tests\\DE-17.test.jsx","startTime":1789724847798,"status":"passed","summary":""}],"wasInterrupted":false}
